{"cells":[{"cell_type":"markdown","source":["/databricks-datasets/definitive-guide/data"],"metadata":{"application/vnd.databricks.v1+cell":{"title":"","showTitle":false,"inputWidgets":{},"nuid":"caf2c77d-79b9-4c9b-86ea-b235bfd7f7c3"}}},{"cell_type":"code","source":["# Creating a SparkSession in Python\nfrom pyspark.sql import SparkSession\nspark = SparkSession.builder.master(\"local\").appName(\"Word Count\")\\\n    .config(\"spark.some.config.option\", \"some-value\")\\\n    .getOrCreate()\n"],"metadata":{"application/vnd.databricks.v1+cell":{"title":"","showTitle":false,"inputWidgets":{},"nuid":"15033a7e-d682-4054-8d7d-0a55f080efb6"}},"outputs":[],"execution_count":0},{"cell_type":"code","source":["df1 = spark.range(2, 10000000, 2)\ndf2 = spark.range(2, 10000000, 4)\nstep1 = df1.repartition(5)\nstep12 = df2.repartition(6)\nstep2 = step1.selectExpr(\"id * 5 as id\")\nstep3 = step2.join(step12, [\"id\"])\nstep4 = step3.selectExpr(\"sum(id)\")\n\nstep4.collect() # 2500000000000\n"],"metadata":{"application/vnd.databricks.v1+cell":{"title":"","showTitle":false,"inputWidgets":{},"nuid":"b5dd337d-dcb9-4deb-93c4-62dbff11c217"}},"outputs":[{"output_type":"display_data","metadata":{"application/vnd.databricks.v1+output":{"datasetInfos":[],"data":"Out[2]: [Row(sum(id)=2500000000000)]","removedWidgets":[],"addedWidgets":{},"metadata":{},"type":"ansi","arguments":{}}},"output_type":"display_data","data":{"text/plain":["Out[2]: [Row(sum(id)=2500000000000)]"]}}],"execution_count":0},{"cell_type":"code","source":["step4.explain()"],"metadata":{"application/vnd.databricks.v1+cell":{"title":"","showTitle":false,"inputWidgets":{},"nuid":"2eac9546-f488-4aff-aa4a-57a516399f9b"}},"outputs":[{"output_type":"display_data","metadata":{"application/vnd.databricks.v1+output":{"datasetInfos":[],"data":"== Physical Plan ==\nAdaptiveSparkPlan isFinalPlan=true\n+- == Final Plan ==\n   *(5) HashAggregate(keys=[], functions=[finalmerge_sum(merge sum#21L) AS sum(id#14L)#17L])\n   +- ShuffleQueryStage 3, Statistics(sizeInBytes=128.0 B, rowCount=8, isRuntime=true)\n      +- Exchange SinglePartition, ENSURE_REQUIREMENTS, [id=#405]\n         +- *(4) HashAggregate(keys=[], functions=[partial_sum(id#14L) AS sum#21L])\n            +- *(4) Project [id#14L]\n               +- *(4) SortMergeJoin [id#14L], [id#8L], Inner\n                  :- Sort [id#14L ASC NULLS FIRST], false, 0\n                  :  +- AQEShuffleRead coalesced\n                  :     +- ShuffleQueryStage 2, Statistics(sizeInBytes=76.3 MiB, rowCount=5.00E+6, isRuntime=true)\n                  :        +- Exchange hashpartitioning(id#14L, 200), ENSURE_REQUIREMENTS, [id=#239]\n                  :           +- *(3) Project [(id#6L * 5) AS id#14L]\n                  :              +- ShuffleQueryStage 0, Statistics(sizeInBytes=76.3 MiB, rowCount=5.00E+6, [id#6L -> ColumnStat(Some(4999999),Some(2),Some(9999998),Some(0),Some(8),Some(8),None,2)], isRuntime=true)\n                  :                 +- Exchange RoundRobinPartitioning(5), REPARTITION_BY_NUM, [id=#129]\n                  :                    +- *(1) Range (2, 10000000, step=2, splits=8)\n                  +- Sort [id#8L ASC NULLS FIRST], false, 0\n                     +- AQEShuffleRead coalesced\n                        +- ShuffleQueryStage 1, Statistics(sizeInBytes=38.1 MiB, rowCount=2.50E+6, [id#8L -> ColumnStat(Some(2500000),Some(2),Some(9999998),Some(0),Some(8),Some(8),None,2)], isRuntime=true)\n                           +- Exchange hashpartitioning(id#8L, 200), ENSURE_REQUIREMENTS, [id=#135]\n                              +- *(2) Range (2, 10000000, step=4, splits=8)\n+- == Initial Plan ==\n   HashAggregate(keys=[], functions=[finalmerge_sum(merge sum#21L) AS sum(id#14L)#17L])\n   +- Exchange SinglePartition, ENSURE_REQUIREMENTS, [id=#48]\n      +- HashAggregate(keys=[], functions=[partial_sum(id#14L) AS sum#21L])\n         +- Project [id#14L]\n            +- SortMergeJoin [id#14L], [id#8L], Inner\n               :- Sort [id#14L ASC NULLS FIRST], false, 0\n               :  +- Exchange hashpartitioning(id#14L, 200), ENSURE_REQUIREMENTS, [id=#40]\n               :     +- Project [(id#6L * 5) AS id#14L]\n               :        +- Exchange RoundRobinPartitioning(5), REPARTITION_BY_NUM, [id=#30]\n               :           +- Range (2, 10000000, step=2, splits=8)\n               +- Sort [id#8L ASC NULLS FIRST], false, 0\n                  +- Exchange hashpartitioning(id#8L, 200), ENSURE_REQUIREMENTS, [id=#41]\n                     +- Range (2, 10000000, step=4, splits=8)\n\n\n","removedWidgets":[],"addedWidgets":{},"metadata":{},"type":"ansi","arguments":{}}},"output_type":"display_data","data":{"text/plain":["== Physical Plan ==\nAdaptiveSparkPlan isFinalPlan=true\n+- == Final Plan ==\n   *(5) HashAggregate(keys=[], functions=[finalmerge_sum(merge sum#21L) AS sum(id#14L)#17L])\n   +- ShuffleQueryStage 3, Statistics(sizeInBytes=128.0 B, rowCount=8, isRuntime=true)\n      +- Exchange SinglePartition, ENSURE_REQUIREMENTS, [id=#405]\n         +- *(4) HashAggregate(keys=[], functions=[partial_sum(id#14L) AS sum#21L])\n            +- *(4) Project [id#14L]\n               +- *(4) SortMergeJoin [id#14L], [id#8L], Inner\n                  :- Sort [id#14L ASC NULLS FIRST], false, 0\n                  :  +- AQEShuffleRead coalesced\n                  :     +- ShuffleQueryStage 2, Statistics(sizeInBytes=76.3 MiB, rowCount=5.00E+6, isRuntime=true)\n                  :        +- Exchange hashpartitioning(id#14L, 200), ENSURE_REQUIREMENTS, [id=#239]\n                  :           +- *(3) Project [(id#6L * 5) AS id#14L]\n                  :              +- ShuffleQueryStage 0, Statistics(sizeInBytes=76.3 MiB, rowCount=5.00E+6, [id#6L -> ColumnStat(Some(4999999),Some(2),Some(9999998),Some(0),Some(8),Some(8),None,2)], isRuntime=true)\n                  :                 +- Exchange RoundRobinPartitioning(5), REPARTITION_BY_NUM, [id=#129]\n                  :                    +- *(1) Range (2, 10000000, step=2, splits=8)\n                  +- Sort [id#8L ASC NULLS FIRST], false, 0\n                     +- AQEShuffleRead coalesced\n                        +- ShuffleQueryStage 1, Statistics(sizeInBytes=38.1 MiB, rowCount=2.50E+6, [id#8L -> ColumnStat(Some(2500000),Some(2),Some(9999998),Some(0),Some(8),Some(8),None,2)], isRuntime=true)\n                           +- Exchange hashpartitioning(id#8L, 200), ENSURE_REQUIREMENTS, [id=#135]\n                              +- *(2) Range (2, 10000000, step=4, splits=8)\n+- == Initial Plan ==\n   HashAggregate(keys=[], functions=[finalmerge_sum(merge sum#21L) AS sum(id#14L)#17L])\n   +- Exchange SinglePartition, ENSURE_REQUIREMENTS, [id=#48]\n      +- HashAggregate(keys=[], functions=[partial_sum(id#14L) AS sum#21L])\n         +- Project [id#14L]\n            +- SortMergeJoin [id#14L], [id#8L], Inner\n               :- Sort [id#14L ASC NULLS FIRST], false, 0\n               :  +- Exchange hashpartitioning(id#14L, 200), ENSURE_REQUIREMENTS, [id=#40]\n               :     +- Project [(id#6L * 5) AS id#14L]\n               :        +- Exchange RoundRobinPartitioning(5), REPARTITION_BY_NUM, [id=#30]\n               :           +- Range (2, 10000000, step=2, splits=8)\n               +- Sort [id#8L ASC NULLS FIRST], false, 0\n                  +- Exchange hashpartitioning(id#8L, 200), ENSURE_REQUIREMENTS, [id=#41]\n                     +- Range (2, 10000000, step=4, splits=8)\n\n\n"]}}],"execution_count":0},{"cell_type":"code","source":[""],"metadata":{"application/vnd.databricks.v1+cell":{"title":"","showTitle":false,"inputWidgets":{},"nuid":"b556f810-63d4-40e6-845e-f4711a2068ee"}},"outputs":[],"execution_count":0}],"metadata":{"application/vnd.databricks.v1+notebook":{"notebookName":"Production_Applications-Chapter_15_How_Spark_Runs_on_a_Cluster","dashboards":[],"notebookMetadata":{"pythonIndentUnit":4},"language":"python","widgets":{},"notebookOrigID":4089758013465252}},"nbformat":4,"nbformat_minor":0}
